<?xml version="1.0" encoding="UTF-8"?>
<!-- Generated by org.testng.reporters.JUnitXMLReporter -->
<testsuite ignored="0" hostname="DESKTOP-T9TR5J0" failures="0" tests="4" name="Default test" time="10.664" errors="0" timestamp="2024-12-05T12:27:56 IST">
  <testcase classname="api.test.UserTests2" name="testPostUser" time="3.996"/>
  <testcase classname="api.test.UserTests2" name="testreaduser" time="1.416"/>
  <testcase classname="api.test.UserTests2" name="testupdateUser" time="2.809"/>
  <testcase classname="api.test.UserTests2" name="testdeleteuser" time="1.162"/>
</testsuite> <!-- Default test -->
