<?xml version="1.0" encoding="UTF-8"?>
<!-- Generated by org.testng.reporters.JUnitXMLReporter -->
<testsuite ignored="0" hostname="DESKTOP-T9TR5J0" failures="0" tests="4" name="Test" time="11.077" errors="0" timestamp="2024-12-05T12:34:18 IST">
  <testcase classname="api.test.UserTests2" name="testPostUser" time="4.204"/>
  <testcase classname="api.test.UserTests2" name="testreaduser" time="1.174"/>
  <testcase classname="api.test.UserTests2" name="testupdateUser" time="2.393"/>
  <testcase classname="api.test.UserTests2" name="testdeleteuser" time="1.166"/>
</testsuite> <!-- Test -->
