<?xml version="1.0" encoding="UTF-8"?>
<!-- Generated by org.testng.reporters.JUnitXMLReporter -->
<testsuite ignored="0" hostname="DESKTOP-T9TR5J0" failures="0" tests="4" name="Test" time="16.72" errors="0" timestamp="2024-11-12T17:41:41 IST">
  <testcase classname="api.test.UserTests2" name="testPostUser" time="7.101"/>
  <testcase classname="api.test.UserTests2" name="testreaduser" time="1.421"/>
  <testcase classname="api.test.UserTests2" name="testupdateUser" time="2.823"/>
  <testcase classname="api.test.UserTests2" name="testdeleteuser" time="2.939"/>
</testsuite> <!-- Test -->
