<?xml version="1.0" encoding="UTF-8"?>
<testng-results ignored="0" total="4" passed="4" failed="0" skipped="0">
  <reporter-output>
  </reporter-output>
  <suite started-at="2024-11-12T17:41:23 IST" name="Suite" finished-at="2024-11-12T17:41:40 IST" duration-ms="16720">
    <groups>
    </groups>
    <test started-at="2024-11-12T17:41:23 IST" name="Test" finished-at="2024-11-12T17:41:40 IST" duration-ms="16720">
      <class name="api.test.UserTests2">
        <test-method is-config="true" signature="setup()[pri:0, instance:api.test.UserTests2@3d51f06e]" started-at="2024-11-12T17:41:24 IST" name="setup" finished-at="2024-11-12T17:41:25 IST" duration-ms="1659" status="PASS">
          <reporter-output>
          </reporter-output>
        </test-method> <!-- setup -->
        <test-method signature="testPostUser()[pri:1, instance:api.test.UserTests2@3d51f06e]" started-at="2024-11-12T17:41:25 IST" name="testPostUser" finished-at="2024-11-12T17:41:32 IST" duration-ms="7101" status="PASS">
          <reporter-output>
          </reporter-output>
        </test-method> <!-- testPostUser -->
        <test-method signature="testreaduser()[pri:2, instance:api.test.UserTests2@3d51f06e]" started-at="2024-11-12T17:41:32 IST" name="testreaduser" finished-at="2024-11-12T17:41:34 IST" duration-ms="1421" status="PASS">
          <reporter-output>
          </reporter-output>
        </test-method> <!-- testreaduser -->
        <test-method signature="testupdateUser()[pri:3, instance:api.test.UserTests2@3d51f06e]" started-at="2024-11-12T17:41:34 IST" name="testupdateUser" finished-at="2024-11-12T17:41:37 IST" duration-ms="2823" status="PASS">
          <reporter-output>
          </reporter-output>
        </test-method> <!-- testupdateUser -->
        <test-method signature="testdeleteuser()[pri:4, instance:api.test.UserTests2@3d51f06e]" started-at="2024-11-12T17:41:37 IST" name="testdeleteuser" finished-at="2024-11-12T17:41:40 IST" duration-ms="2939" status="PASS">
          <reporter-output>
          </reporter-output>
        </test-method> <!-- testdeleteuser -->
      </class> <!-- api.test.UserTests2 -->
    </test> <!-- Test -->
  </suite> <!-- Suite -->
</testng-results>
