<?xml version="1.0" encoding="UTF-8"?>
<testng-results ignored="0" total="4" passed="4" failed="0" skipped="0">
  <reporter-output>
  </reporter-output>
  <suite started-at="2024-12-05T12:34:07 IST" name="Suite" finished-at="2024-12-05T12:34:18 IST" duration-ms="11077">
    <groups>
    </groups>
    <test started-at="2024-12-05T12:34:07 IST" name="Test" finished-at="2024-12-05T12:34:18 IST" duration-ms="11077">
      <class name="api.test.UserTests2">
        <test-method is-config="true" signature="setup()[pri:0, instance:api.test.UserTests2@1283bb96]" started-at="2024-12-05T12:34:07 IST" name="setup" finished-at="2024-12-05T12:34:09 IST" duration-ms="1296" status="PASS">
          <reporter-output>
          </reporter-output>
        </test-method> <!-- setup -->
        <test-method signature="testPostUser()[pri:1, instance:api.test.UserTests2@1283bb96]" started-at="2024-12-05T12:34:09 IST" name="testPostUser" finished-at="2024-12-05T12:34:13 IST" duration-ms="4204" status="PASS">
          <reporter-output>
          </reporter-output>
        </test-method> <!-- testPostUser -->
        <test-method signature="testreaduser()[pri:2, instance:api.test.UserTests2@1283bb96]" started-at="2024-12-05T12:34:13 IST" name="testreaduser" finished-at="2024-12-05T12:34:14 IST" duration-ms="1174" status="PASS">
          <reporter-output>
          </reporter-output>
        </test-method> <!-- testreaduser -->
        <test-method signature="testupdateUser()[pri:3, instance:api.test.UserTests2@1283bb96]" started-at="2024-12-05T12:34:14 IST" name="testupdateUser" finished-at="2024-12-05T12:34:16 IST" duration-ms="2393" status="PASS">
          <reporter-output>
          </reporter-output>
        </test-method> <!-- testupdateUser -->
        <test-method signature="testdeleteuser()[pri:4, instance:api.test.UserTests2@1283bb96]" started-at="2024-12-05T12:34:17 IST" name="testdeleteuser" finished-at="2024-12-05T12:34:18 IST" duration-ms="1166" status="PASS">
          <reporter-output>
          </reporter-output>
        </test-method> <!-- testdeleteuser -->
      </class> <!-- api.test.UserTests2 -->
    </test> <!-- Test -->
  </suite> <!-- Suite -->
</testng-results>
